<?xml version="1.0" encoding="UTF-8"?>
<!-- Generated by org.testng.reporters.JUnitReportReporter -->
<testsuite hostname="SYNPYBRLG02L1MV" failures="0" tests="2" name="Projects.ListenerClassTwo" time="0.016" errors="0" timestamp="2023-10-11T13:39:41 IST" skipped="0">
  <testcase classname="Projects.ListenerClassTwo" name="access" time="0.014"/>
  <testcase classname="Projects.ListenerClassTwo" name="test" time="0.002"/>
</testsuite> <!-- Projects.ListenerClassTwo -->
